TN:
SF:D:\Documents\pyNowDawn\scenic\observation.py
DA:5,1
DA:6,1
DA:8,1
DA:10,1
DA:18,1
DA:19,1
DA:21,1
DA:22,1
DA:23,1
DA:25,1
DA:26,1
DA:27,1
DA:28,0
DA:30,1
DA:31,1
DA:32,1
DA:33,1
DA:34,1
DA:35,1
DA:36,1
DA:37,1
DA:38,1
DA:39,0
DA:40,0
DA:42,0
DA:44,1
DA:45,1
DA:46,0
DA:47,0
DA:49,0
DA:51,1
DA:52,1
DA:55,0
DA:57,1
DA:58,1
DA:59,1
DA:60,1
DA:61,1
DA:62,1
DA:64,0
DA:65,1
DA:66,1
DA:68,1
DA:70,1
DA:72,1
DA:74,0
DA:76,1
DA:80,0
DA:81,0
DA:83,0
DA:84,0
DA:86,0
DA:87,0
DA:89,0
DA:91,1
DA:93,0
DA:95,1
DA:100,0
DA:102,1
DA:103,0
DA:104,0
DA:106,0
DA:107,0
DA:108,0
DA:109,0
LF:65
LH:40
end_of_record
TN:
SF:D:\Documents\pyNowDawn\scenic\reading.py
DA:5,1
DA:8,1
DA:10,0
DA:11,0
DA:13,1
DA:15,0
DA:17,1
DA:19,0
DA:21,1
DA:23,0
LF:10
LH:5
end_of_record
TN:
SF:D:\Documents\pyNowDawn\scenic\scenic.py
DA:5,1
DA:6,1
DA:7,1
DA:8,1
DA:9,1
DA:10,1
DA:11,1
DA:13,1
DA:15,1
DA:22,1
DA:24,1
DA:25,0
DA:28,0
DA:29,0
DA:30,1
DA:31,0
DA:34,0
DA:35,0
DA:36,1
DA:37,1
DA:39,1
DA:40,1
DA:41,1
DA:42,0
DA:43,0
DA:45,1
DA:46,1
DA:47,0
DA:49,1
DA:51,1
DA:53,1
DA:55,0
DA:57,1
DA:59,1
DA:62,1
DA:64,1
DA:68,1
DA:69,1
DA:70,1
DA:71,1
DA:74,1
DA:75,0
DA:76,0
DA:77,0
DA:80,1
DA:81,0
DA:82,0
DA:86,1
DA:87,0
DA:88,0
DA:90,0
DA:91,0
DA:92,0
DA:93,0
DA:94,0
DA:96,0
DA:98,0
DA:99,0
DA:100,0
DA:101,0
DA:103,0
DA:105,0
DA:108,0
DA:111,0
DA:119,0
DA:120,0
DA:122,1
DA:123,1
DA:124,1
DA:126,1
DA:127,1
DA:129,0
DA:130,0
DA:132,1
DA:133,1
DA:136,1
DA:138,1
DA:139,1
DA:143,1
DA:144,1
DA:145,1
DA:146,0
DA:148,0
DA:149,0
DA:151,1
DA:152,0
DA:153,0
DA:155,1
DA:156,0
DA:157,0
DA:158,0
DA:159,0
DA:160,0
DA:161,0
DA:163,0
DA:165,0
DA:166,0
DA:167,0
DA:169,0
DA:171,0
DA:173,0
DA:177,0
DA:180,0
DA:189,0
DA:190,0
DA:193,1
DA:194,1
DA:196,1
DA:197,1
DA:198,1
DA:199,1
DA:200,1
DA:202,1
DA:204,0
DA:207,1
DA:209,0
DA:210,0
DA:214,0
DA:215,0
DA:216,0
DA:217,0
DA:219,0
DA:220,0
DA:222,0
DA:223,0
DA:224,0
DA:226,0
DA:227,0
DA:228,0
DA:229,0
DA:230,0
DA:231,0
DA:232,0
DA:233,0
DA:235,0
DA:237,0
DA:238,0
DA:239,0
DA:240,0
DA:242,0
DA:244,0
DA:248,0
DA:251,0
DA:260,0
DA:261,0
DA:263,0
DA:264,0
DA:266,0
DA:267,0
DA:268,0
DA:269,0
LF:151
LH:57
end_of_record
TN:
SF:D:\Documents\pyNowDawn\scenic\scenic_types.py
DA:5,1
DA:6,1
DA:8,1
DA:10,1
DA:12,0
DA:14,1
DA:17,1
DA:19,1
DA:20,1
DA:22,1
DA:24,0
DA:26,1
DA:28,0
DA:29,0
DA:31,0
DA:33,1
DA:35,0
DA:37,1
DA:39,1
DA:41,1
DA:42,1
DA:43,1
DA:44,1
DA:46,1
DA:47,0
DA:49,1
DA:51,0
DA:53,1
DA:56,0
DA:58,1
DA:60,0
DA:61,0
DA:63,0
DA:65,1
DA:67,0
DA:70,1
DA:72,1
DA:74,1
DA:75,1
DA:76,1
DA:78,1
DA:79,0
DA:82,1
DA:84,0
DA:86,1
DA:88,0
DA:89,0
DA:91,0
DA:93,1
DA:95,0
DA:97,1
DA:100,1
DA:102,1
DA:103,1
DA:104,1
DA:105,1
DA:107,1
DA:108,0
DA:110,1
DA:113,0
DA:115,1
DA:117,0
DA:119,1
DA:121,0
DA:122,0
DA:124,0
DA:126,1
DA:128,0
DA:133,1
DA:135,1
DA:137,0
DA:138,0
DA:139,0
DA:141,1
DA:143,0
DA:145,1
DA:147,0
DA:149,1
DA:151,0
DA:152,0
DA:154,0
DA:156,1
DA:158,0
LF:83
LH:48
end_of_record
